2020-05-22 16:22:28,085 ExcuteTimeLogFileLogger - ******************************************************************
2020-05-22 16:22:28,093 ExcuteTimeLogFileLogger -  MethodName£º[[SSPC_One_HCP.Data.Data.EfRepository.Where]] 
2020-05-22 16:22:28,093 ExcuteTimeLogFileLogger -  Arguments£º[[s => ((s.IsDeleted != 1) AndAlso (s.MeetStartTime > Convert(value(SSPC_One_HCP.WebApi.Jobs.RemindJob+<>c__DisplayClass3_0).dt)))]]
2020-05-22 16:22:28,093 ExcuteTimeLogFileLogger -  Take[[2932]]Milliseconds
2020-05-22 16:22:28,093 ExcuteTimeLogFileLogger - ******************************************************************
2020-05-22 16:22:28,095 ExcuteTimeLogFileLogger - ******************************************************************
2020-05-22 16:22:28,095 ExcuteTimeLogFileLogger -  MethodName£º[[SSPC_One_HCP.Data.Data.EfRepository.Where]] 
2020-05-22 16:22:28,095 ExcuteTimeLogFileLogger -  Arguments£º[[s => (((s.IsDeleted != 1) AndAlso (s.HasReminded != 1)) AndAlso (s.IsRemind == 1))]]
2020-05-22 16:22:28,095 ExcuteTimeLogFileLogger -  Take[[1]]Milliseconds
2020-05-22 16:22:28,095 ExcuteTimeLogFileLogger - ******************************************************************
2020-05-22 16:22:28,099 ExcuteTimeLogFileLogger - ******************************************************************
2020-05-22 16:22:28,099 ExcuteTimeLogFileLogger -  MethodName£º[[SSPC_One_HCP.Data.Data.EfRepository.Where]] 
2020-05-22 16:22:28,099 ExcuteTimeLogFileLogger -  Arguments£º[[s => ((s.IsDeleted != 1) AndAlso (s.Mobile != null))]]
2020-05-22 16:22:28,099 ExcuteTimeLogFileLogger -  Take[[0]]Milliseconds
2020-05-22 16:22:28,099 ExcuteTimeLogFileLogger - ******************************************************************
2020-05-22 16:25:58,681 ExcuteTimeLogFileLogger - ******************************************************************
2020-05-22 16:25:58,688 ExcuteTimeLogFileLogger -  MethodName£º[[SSPC_One_HCP.Data.Data.EfRepository.Where]] 
2020-05-22 16:25:58,688 ExcuteTimeLogFileLogger -  Arguments£º[[s => ((s.IsDeleted != 1) AndAlso (s.MeetStartTime > Convert(value(SSPC_One_HCP.WebApi.Jobs.RemindJob+<>c__DisplayClass3_0).dt)))]]
2020-05-22 16:25:58,689 ExcuteTimeLogFileLogger -  Take[[2974]]Milliseconds
2020-05-22 16:25:58,689 ExcuteTimeLogFileLogger - ******************************************************************
2020-05-22 16:25:58,690 ExcuteTimeLogFileLogger - ******************************************************************
2020-05-22 16:25:58,690 ExcuteTimeLogFileLogger -  MethodName£º[[SSPC_One_HCP.Data.Data.EfRepository.Where]] 
2020-05-22 16:25:58,690 ExcuteTimeLogFileLogger -  Arguments£º[[s => (((s.IsDeleted != 1) AndAlso (s.HasReminded != 1)) AndAlso (s.IsRemind == 1))]]
2020-05-22 16:25:58,690 ExcuteTimeLogFileLogger -  Take[[0]]Milliseconds
2020-05-22 16:25:58,690 ExcuteTimeLogFileLogger - ******************************************************************
2020-05-22 16:25:58,694 ExcuteTimeLogFileLogger - ******************************************************************
2020-05-22 16:25:58,694 ExcuteTimeLogFileLogger -  MethodName£º[[SSPC_One_HCP.Data.Data.EfRepository.Where]] 
2020-05-22 16:25:58,694 ExcuteTimeLogFileLogger -  Arguments£º[[s => ((s.IsDeleted != 1) AndAlso (s.Mobile != null))]]
2020-05-22 16:25:58,694 ExcuteTimeLogFileLogger -  Take[[0]]Milliseconds
2020-05-22 16:25:58,694 ExcuteTimeLogFileLogger - ******************************************************************
