2020-03-27 16:42:09,665 ExcuteTimeLogFileLogger - ******************************************************************
2020-03-27 16:42:09,671 ExcuteTimeLogFileLogger -  MethodName£º[[SSPC_One_HCP.Data.Data.EfRepository.Where]] 
2020-03-27 16:42:09,672 ExcuteTimeLogFileLogger -  Arguments£º[[s => ((s.IsDeleted != 1) AndAlso (s.MeetStartTime > Convert(value(SSPC_One_HCP.WebApi.Jobs.RemindJob+<>c__DisplayClass3_0).dt)))]]
2020-03-27 16:42:09,672 ExcuteTimeLogFileLogger -  Take[[1565]]Milliseconds
2020-03-27 16:42:09,672 ExcuteTimeLogFileLogger - ******************************************************************
2020-03-27 16:42:09,673 ExcuteTimeLogFileLogger - ******************************************************************
2020-03-27 16:42:09,673 ExcuteTimeLogFileLogger -  MethodName£º[[SSPC_One_HCP.Data.Data.EfRepository.Where]] 
2020-03-27 16:42:09,673 ExcuteTimeLogFileLogger -  Arguments£º[[s => (((s.IsDeleted != 1) AndAlso (s.HasReminded != 1)) AndAlso (s.IsRemind == 1))]]
2020-03-27 16:42:09,673 ExcuteTimeLogFileLogger -  Take[[1]]Milliseconds
2020-03-27 16:42:09,673 ExcuteTimeLogFileLogger - ******************************************************************
2020-03-27 16:42:09,675 ExcuteTimeLogFileLogger - ******************************************************************
2020-03-27 16:42:09,675 ExcuteTimeLogFileLogger -  MethodName£º[[SSPC_One_HCP.Data.Data.EfRepository.Where]] 
2020-03-27 16:42:09,675 ExcuteTimeLogFileLogger -  Arguments£º[[s => (s.IsDeleted != 1)]]
2020-03-27 16:42:09,675 ExcuteTimeLogFileLogger -  Take[[1]]Milliseconds
2020-03-27 16:42:09,675 ExcuteTimeLogFileLogger - ******************************************************************
2020-03-27 16:42:50,426 ExcuteTimeLogFileLogger - ******************************************************************
2020-03-27 16:42:50,434 ExcuteTimeLogFileLogger -  MethodName£º[[SSPC_One_HCP.Data.Data.EfRepository.Where]] 
2020-03-27 16:42:50,434 ExcuteTimeLogFileLogger -  Arguments£º[[s => ((s.IsDeleted != 1) AndAlso (s.MeetStartTime > Convert(value(SSPC_One_HCP.WebApi.Jobs.RemindJob+<>c__DisplayClass3_0).dt)))]]
2020-03-27 16:42:50,434 ExcuteTimeLogFileLogger -  Take[[1274]]Milliseconds
2020-03-27 16:42:50,434 ExcuteTimeLogFileLogger - ******************************************************************
2020-03-27 16:42:50,435 ExcuteTimeLogFileLogger - ******************************************************************
2020-03-27 16:42:50,435 ExcuteTimeLogFileLogger -  MethodName£º[[SSPC_One_HCP.Data.Data.EfRepository.Where]] 
2020-03-27 16:42:50,435 ExcuteTimeLogFileLogger -  Arguments£º[[s => (((s.IsDeleted != 1) AndAlso (s.HasReminded != 1)) AndAlso (s.IsRemind == 1))]]
2020-03-27 16:42:50,435 ExcuteTimeLogFileLogger -  Take[[1]]Milliseconds
2020-03-27 16:42:50,435 ExcuteTimeLogFileLogger - ******************************************************************
2020-03-27 16:42:50,437 ExcuteTimeLogFileLogger - ******************************************************************
2020-03-27 16:42:50,437 ExcuteTimeLogFileLogger -  MethodName£º[[SSPC_One_HCP.Data.Data.EfRepository.Where]] 
2020-03-27 16:42:50,437 ExcuteTimeLogFileLogger -  Arguments£º[[s => (s.IsDeleted != 1)]]
2020-03-27 16:42:50,437 ExcuteTimeLogFileLogger -  Take[[0]]Milliseconds
2020-03-27 16:42:50,437 ExcuteTimeLogFileLogger - ******************************************************************
2020-03-27 16:47:14,839 ExcuteTimeLogFileLogger - ******************************************************************
2020-03-27 16:47:14,846 ExcuteTimeLogFileLogger -  MethodName£º[[SSPC_One_HCP.Data.Data.EfRepository.Where]] 
2020-03-27 16:47:14,846 ExcuteTimeLogFileLogger -  Arguments£º[[s => ((s.IsDeleted != 1) AndAlso (s.MeetStartTime > Convert(value(SSPC_One_HCP.WebApi.Jobs.RemindJob+<>c__DisplayClass3_0).dt)))]]
2020-03-27 16:47:14,846 ExcuteTimeLogFileLogger -  Take[[1459]]Milliseconds
2020-03-27 16:47:14,846 ExcuteTimeLogFileLogger - ******************************************************************
2020-03-27 16:47:14,847 ExcuteTimeLogFileLogger - ******************************************************************
2020-03-27 16:47:14,847 ExcuteTimeLogFileLogger -  MethodName£º[[SSPC_One_HCP.Data.Data.EfRepository.Where]] 
2020-03-27 16:47:14,847 ExcuteTimeLogFileLogger -  Arguments£º[[s => (((s.IsDeleted != 1) AndAlso (s.HasReminded != 1)) AndAlso (s.IsRemind == 1))]]
2020-03-27 16:47:14,847 ExcuteTimeLogFileLogger -  Take[[1]]Milliseconds
2020-03-27 16:47:14,847 ExcuteTimeLogFileLogger - ******************************************************************
2020-03-27 16:47:14,849 ExcuteTimeLogFileLogger - ******************************************************************
2020-03-27 16:47:14,849 ExcuteTimeLogFileLogger -  MethodName£º[[SSPC_One_HCP.Data.Data.EfRepository.Where]] 
2020-03-27 16:47:14,849 ExcuteTimeLogFileLogger -  Arguments£º[[s => (s.IsDeleted != 1)]]
2020-03-27 16:47:14,849 ExcuteTimeLogFileLogger -  Take[[0]]Milliseconds
2020-03-27 16:47:14,849 ExcuteTimeLogFileLogger - ******************************************************************
2020-03-27 16:47:25,093 ExcuteTimeLogFileLogger - ******************************************************************
2020-03-27 16:47:25,093 ExcuteTimeLogFileLogger -  MethodName£º[[SSPC_One_HCP.Services.RongCloud.RongCloudService.ChatroomStatusSync]] 
2020-03-27 16:47:25,093 ExcuteTimeLogFileLogger -  Arguments£º[[SSPC_One_HCP.Services.RongCloud.Dto.ChatroomStatusSyncDto]]
2020-03-27 16:47:25,093 ExcuteTimeLogFileLogger -  Take[[8327]]Milliseconds
2020-03-27 16:47:25,093 ExcuteTimeLogFileLogger - ******************************************************************
2020-03-27 17:05:36,135 ExcuteTimeLogFileLogger - ******************************************************************
2020-03-27 17:05:36,143 ExcuteTimeLogFileLogger -  MethodName£º[[SSPC_One_HCP.Data.Data.EfRepository.Where]] 
2020-03-27 17:05:36,143 ExcuteTimeLogFileLogger -  Arguments£º[[s => ((s.IsDeleted != 1) AndAlso (s.MeetStartTime > Convert(value(SSPC_One_HCP.WebApi.Jobs.RemindJob+<>c__DisplayClass3_0).dt)))]]
2020-03-27 17:05:36,143 ExcuteTimeLogFileLogger -  Take[[3063]]Milliseconds
2020-03-27 17:05:36,143 ExcuteTimeLogFileLogger - ******************************************************************
2020-03-27 17:05:36,145 ExcuteTimeLogFileLogger - ******************************************************************
2020-03-27 17:05:36,145 ExcuteTimeLogFileLogger -  MethodName£º[[SSPC_One_HCP.Data.Data.EfRepository.Where]] 
2020-03-27 17:05:36,145 ExcuteTimeLogFileLogger -  Arguments£º[[s => (((s.IsDeleted != 1) AndAlso (s.HasReminded != 1)) AndAlso (s.IsRemind == 1))]]
2020-03-27 17:05:36,145 ExcuteTimeLogFileLogger -  Take[[1]]Milliseconds
2020-03-27 17:05:36,145 ExcuteTimeLogFileLogger - ******************************************************************
2020-03-27 17:05:36,148 ExcuteTimeLogFileLogger - ******************************************************************
2020-03-27 17:05:36,149 ExcuteTimeLogFileLogger -  MethodName£º[[SSPC_One_HCP.Data.Data.EfRepository.Where]] 
2020-03-27 17:05:36,149 ExcuteTimeLogFileLogger -  Arguments£º[[s => (s.IsDeleted != 1)]]
2020-03-27 17:05:36,149 ExcuteTimeLogFileLogger -  Take[[1]]Milliseconds
2020-03-27 17:05:36,149 ExcuteTimeLogFileLogger - ******************************************************************
2020-03-27 17:29:05,175 ExcuteTimeLogFileLogger - ******************************************************************
2020-03-27 17:29:05,182 ExcuteTimeLogFileLogger -  MethodName£º[[SSPC_One_HCP.Data.Data.EfRepository.Where]] 
2020-03-27 17:29:05,183 ExcuteTimeLogFileLogger -  Arguments£º[[s => ((s.IsDeleted != 1) AndAlso (s.MeetStartTime > Convert(value(SSPC_One_HCP.WebApi.Jobs.RemindJob+<>c__DisplayClass3_0).dt)))]]
2020-03-27 17:29:05,183 ExcuteTimeLogFileLogger -  Take[[3206]]Milliseconds
2020-03-27 17:29:05,183 ExcuteTimeLogFileLogger - ******************************************************************
2020-03-27 17:29:05,185 ExcuteTimeLogFileLogger - ******************************************************************
2020-03-27 17:29:05,185 ExcuteTimeLogFileLogger -  MethodName£º[[SSPC_One_HCP.Data.Data.EfRepository.Where]] 
2020-03-27 17:29:05,185 ExcuteTimeLogFileLogger -  Arguments£º[[s => (((s.IsDeleted != 1) AndAlso (s.HasReminded != 1)) AndAlso (s.IsRemind == 1))]]
2020-03-27 17:29:05,185 ExcuteTimeLogFileLogger -  Take[[0]]Milliseconds
2020-03-27 17:29:05,185 ExcuteTimeLogFileLogger - ******************************************************************
2020-03-27 17:29:05,188 ExcuteTimeLogFileLogger - ******************************************************************
2020-03-27 17:29:05,188 ExcuteTimeLogFileLogger -  MethodName£º[[SSPC_One_HCP.Data.Data.EfRepository.Where]] 
2020-03-27 17:29:05,188 ExcuteTimeLogFileLogger -  Arguments£º[[s => (s.IsDeleted != 1)]]
2020-03-27 17:29:05,188 ExcuteTimeLogFileLogger -  Take[[0]]Milliseconds
2020-03-27 17:29:05,188 ExcuteTimeLogFileLogger - ******************************************************************
