2019-12-17 18:02:59,004 ErrorFileLogger -- --------------------------------------------------------------------------------
2019-12-17 18:02:59,004 ErrorFileLogger -- [MSG]:The underlying provider failed on Open.

2019-12-17 18:02:59,013 ErrorFileLogger -- [Source]:EntityFramework

2019-12-17 18:02:59,014 ErrorFileLogger -- [StackTrace]:   在 System.Data.Entity.Core.EntityClient.EntityConnection.Open()
   在 System.Data.Entity.Core.Objects.ObjectContext.EnsureConnection(Boolean shouldMonitorTransactions)
   在 System.Data.Entity.Core.Objects.ObjectContext.ExecuteInTransaction[T](Func`1 func, IDbExecutionStrategy executionStrategy, Boolean startLocalTransaction, Boolean releaseConnectionOnSuccess)
   在 System.Data.Entity.Core.Objects.ObjectQuery`1.<>c__DisplayClass7.<GetResults>b__5()
   在 System.Data.Entity.SqlServer.DefaultSqlExecutionStrategy.Execute[TResult](Func`1 operation)
   在 System.Data.Entity.Core.Objects.ObjectQuery`1.GetResults(Nullable`1 forMergeOption)
   在 System.Data.Entity.Core.Objects.ObjectQuery`1.<System.Collections.Generic.IEnumerable<T>.GetEnumerator>b__0()
   在 System.Data.Entity.Internal.LazyEnumerator`1.MoveNext()
   在 System.Linq.Enumerable.Single[TSource](IEnumerable`1 source)
   在 System.Data.Entity.Core.Objects.ELinq.ObjectQueryProvider.<GetElementFunction>b__3[TResult](IEnumerable`1 sequence)
   在 System.Data.Entity.Core.Objects.ELinq.ObjectQueryProvider.ExecuteSingle[TResult](IEnumerable`1 query, Expression queryRoot)
   在 System.Data.Entity.Core.Objects.ELinq.ObjectQueryProvider.System.Linq.IQueryProvider.Execute[TResult](Expression expression)
   在 System.Data.Entity.Internal.Linq.DbQueryProvider.Execute[TResult](Expression expression)
   在 System.Linq.Queryable.Count[TSource](IQueryable`1 source)
   在 SSPC_One_HCP.Services.Implementations.ADDoctorService.GetDoctorLearn(RowNumModel`1 rowNum) 位置 D:\gongzuowendang\OneHCPService\master\SSPC_One_HCP.Services\Implementations\ADDoctorService.cs:行号 873
   在 Castle.Proxies.Invocations.IADDoctorService_GetDoctorLearn.InvokeMethodOnTarget()
   在 Castle.DynamicProxy.AbstractInvocation.Proceed()
   在 SSPC_One_HCP.AOP.AopInterceptor.ServiceInterceptor.Intercept(IInvocation invocation) 位置 D:\gongzuowendang\OneHCPService\master\SSPC_One_HCP.AOP\AopInterceptor\ServiceInterceptor.cs:行号 29

2019-12-17 18:02:59,014 ErrorFileLogger -- [TargetSite]:Open

2019-12-17 18:02:59,014 ErrorFileLogger -- [MethodName]：[[SSPC_One_HCP.Services.Implementations.ADDoctorService.GetDoctorLearn]]

2019-12-17 18:02:59,014 ErrorFileLogger -- [Arguments]：[[SSPC_One_HCP.Core.Domain.CommonModels.RowNumModel`1[SSPC_One_HCP.Core.Domain.ViewModels.DoctorLearnViewModel]]]
2019-12-17 18:02:59,014 ErrorFileLogger -- --------------------------------------------------------------------------------
