2020-02-21 15:54:31,875 ErrorFileLogger -- --------------------------------------------------------------------------------
2020-02-21 15:54:31,875 ErrorFileLogger -- [MSG]:An error occurred while executing the command definition. See the inner exception for details.;

2020-02-21 15:54:31,887 ErrorFileLogger -- [Source]:EntityFramework

2020-02-21 15:54:31,888 ErrorFileLogger -- [StackTrace]:   在 System.Data.Entity.Core.EntityClient.Internal.EntityCommandDefinition.ExecuteStoreCommands(EntityCommand entityCommand, CommandBehavior behavior)
   在 System.Data.Entity.Core.Objects.Internal.ObjectQueryExecutionPlan.Execute[TResultType](ObjectContext context, ObjectParameterCollection parameterValues)
   在 System.Data.Entity.Core.Objects.ObjectQuery`1.<>c__DisplayClass7.<GetResults>b__6()
   在 System.Data.Entity.Core.Objects.ObjectContext.ExecuteInTransaction[T](Func`1 func, IDbExecutionStrategy executionStrategy, Boolean startLocalTransaction, Boolean releaseConnectionOnSuccess)
   在 System.Data.Entity.Core.Objects.ObjectQuery`1.<>c__DisplayClass7.<GetResults>b__5()
   在 System.Data.Entity.SqlServer.DefaultSqlExecutionStrategy.Execute[TResult](Func`1 operation)
   在 System.Data.Entity.Core.Objects.ObjectQuery`1.GetResults(Nullable`1 forMergeOption)
   在 System.Data.Entity.Core.Objects.ObjectQuery`1.<System.Collections.Generic.IEnumerable<T>.GetEnumerator>b__0()
   在 System.Data.Entity.Internal.LazyEnumerator`1.MoveNext()
   在 System.Linq.Enumerable.FirstOrDefault[TSource](IEnumerable`1 source)
   在 System.Data.Entity.Core.Objects.ELinq.ObjectQueryProvider.<GetElementFunction>b__1[TResult](IEnumerable`1 sequence)
   在 System.Data.Entity.Core.Objects.ELinq.ObjectQueryProvider.ExecuteSingle[TResult](IEnumerable`1 query, Expression queryRoot)
   在 System.Data.Entity.Core.Objects.ELinq.ObjectQueryProvider.System.Linq.IQueryProvider.Execute[TResult](Expression expression)
   在 System.Data.Entity.Internal.Linq.DbQueryProvider.Execute[TResult](Expression expression)
   在 System.Linq.Queryable.FirstOrDefault[TSource](IQueryable`1 source, Expression`1 predicate)
   在 SSPC_One_HCP.Data.Data.EfRepository.FirstOrDefault[T](Expression`1 includeProperties) 位置 D:\工作\HCP\src\SSPC_One_HCP.Data\Data\EfRepository.cs:行号 268
   在 Castle.Proxies.Invocations.IEfRepository_FirstOrDefault.InvokeMethodOnTarget()
   在 Castle.DynamicProxy.AbstractInvocation.Proceed()
   在 SSPC_One_HCP.AOP.AopInterceptor.RepositoryInterceptor.Intercept(IInvocation invocation) 位置 D:\工作\HCP\src\SSPC_One_HCP.AOP\AopInterceptor\RepositoryInterceptor.cs:行号 29

2020-02-21 15:54:31,888 ErrorFileLogger -- [StackTrace]:ExecuteStoreCommands

2020-02-21 15:54:31,888 ErrorFileLogger -- [MethodName]：[[SSPC_One_HCP.Data.Data.EfRepository.FirstOrDefault]]

2020-02-21 15:54:31,888 ErrorFileLogger -- [Arguments]：[[s => ((s.IsDeleted != 1) AndAlso (s.OpenId == value(SSPC_One_HCP.Services.Implementations.WxOpenService+<>c__DisplayClass8_0).openid))]]
2020-02-21 15:54:31,888 ErrorFileLogger -- --------------------------------------------------------------------------------
2020-02-21 15:55:11,071 ErrorFileLogger -- --------------------------------------------------------------------------------
2020-02-21 15:55:11,071 ErrorFileLogger -- [MSG]:An error occurred while updating the entries. See the inner exception for details.;

2020-02-21 15:55:11,071 ErrorFileLogger -- [Source]:EntityFramework

2020-02-21 15:55:11,071 ErrorFileLogger -- [StackTrace]:   在 System.Data.Entity.Internal.InternalContext.SaveChanges()
   在 System.Data.Entity.Internal.LazyInternalContext.SaveChanges()
   在 System.Data.Entity.DbContext.SaveChanges()
   在 SSPC_One_HCP.Data.Data.EfRepository.SaveChanges() 位置 D:\工作\HCP\src\SSPC_One_HCP.Data\Data\EfRepository.cs:行号 460
   在 Castle.Proxies.Invocations.IEfRepository_SaveChanges.InvokeMethodOnTarget()
   在 Castle.DynamicProxy.AbstractInvocation.Proceed()
   在 SSPC_One_HCP.AOP.AopInterceptor.RepositoryInterceptor.Intercept(IInvocation invocation) 位置 D:\工作\HCP\src\SSPC_One_HCP.AOP\AopInterceptor\RepositoryInterceptor.cs:行号 29

2020-02-21 15:55:11,071 ErrorFileLogger -- [StackTrace]:SaveChanges

2020-02-21 15:55:11,071 ErrorFileLogger -- [MethodName]：[[SSPC_One_HCP.Data.Data.EfRepository.SaveChanges]]

2020-02-21 15:55:11,071 ErrorFileLogger -- [Arguments]：[[]]
2020-02-21 15:55:11,071 ErrorFileLogger -- --------------------------------------------------------------------------------
